<?xml version="1.0" encoding="UTF-8"?>
<!-- Generated by org.testng.reporters.JUnitReportReporter -->
<testsuite hostname="Ramis-MacBook-Pro.local" failures="0" tests="3" name="scripts._01_CarsTest" time="23.151" errors="0" timestamp="2022-06-07T13:51:24 CDT" skipped="0">
  <testcase classname="scripts._01_CarsTest" name="signInPageValidation" time="7.978"/>
  <system-out/>
  <testcase classname="scripts._01_CarsTest" name="signInSocialMedia" time="7.246"/>
  <system-out/>
  <testcase classname="scripts._01_CarsTest" name="invalidSignInCredentials" time="7.927"/>
  <system-out/>
</testsuite> <!-- scripts._01_CarsTest -->
